<?xml version="1.0" encoding="UTF-8"?>
<testsuite name="net.bebooking.book.BookDAOTest" tests="3" skipped="0" failures="0" errors="0" timestamp="2023-12-18T16:41:40" hostname="JAVA-COMP-2907" time="2.5">
  <properties/>
  <testcase name="deleteAllShouldClearBookings_checkWithHelperInsertAllAndFetchAll()" classname="net.bebooking.book.BookDAOTest" time="2.254"/>
  <testcase name="insertAllShouldSaveBooking_checkWithHelpFetchById()" classname="net.bebooking.book.BookDAOTest" time="0.084"/>
  <testcase name="fetchAllShouldReadBookings_checkWithHelperInsertAll()" classname="net.bebooking.book.BookDAOTest" time="0.141"/>
  <system-out><![CDATA[
  .   ____          _            __ _ _
 /\\ / ___'_ __ _ _(_)_ __  __ _ \ \ \ \
( ( )\___ | '_ | '_| | '_ \/ _` | \ \ \ \
 \\/  ___)| |_)| | | | | || (_| |  ) ) ) )
  '  |____| .__|_| |_|_| |_\__, | / / / /
 =========|_|==============|___/=/_/_/_/
 :: Spring Boot ::                (v3.1.5)

2023-12-18T19:41:40.069+03:00  INFO 9560 --- [    Test worker] net.bebooking.book.BookDAOTest           : Starting BookDAOTest using Java 19.0.2 with PID 9560 (started by xakim in C:\Users\xakim\project\be-booking)
2023-12-18T19:41:40.069+03:00  INFO 9560 --- [    Test worker] net.bebooking.book.BookDAOTest           : No active profile set, falling back to 1 default profile: "default"
2023-12-18T19:41:40.712+03:00  INFO 9560 --- [    Test worker] org.mongodb.driver.cluster               : Cluster created with settings {hosts=[localhost:27017], mode=SINGLE, requiredClusterType=UNKNOWN, serverSelectionTimeout='30000 ms', maxWaitQueueSize=500}
2023-12-18T19:41:40.817+03:00  INFO 9560 --- [    Test worker] org.mongodb.driver.cluster               : Cluster created with settings {hosts=[mongo.bebooking.ru:27017], mode=SINGLE, requiredClusterType=UNKNOWN, serverSelectionTimeout='30000 ms', maxWaitQueueSize=500}
2023-12-18T19:41:40.817+03:00  INFO 9560 --- [localhost:27017] org.mongodb.driver.cluster               : Exception in monitor thread while connecting to server localhost:27017

com.mongodb.MongoSocketOpenException: Exception opening socket
	at com.mongodb.internal.connection.SocketStream.open(SocketStream.java:70) ~[mongo-java-driver-3.12.14.jar:na]
	at com.mongodb.internal.connection.InternalStreamConnection.open(InternalStreamConnection.java:128) ~[mongo-java-driver-3.12.14.jar:na]
	at com.mongodb.internal.connection.DefaultServerMonitor$ServerMonitorRunnable.run(DefaultServerMonitor.java:117) ~[mongo-java-driver-3.12.14.jar:na]
	at java.base/java.lang.Thread.run(Thread.java:1589) ~[na:na]
Caused by: java.net.ConnectException: Connection refused: no further information
	at java.base/sun.nio.ch.Net.pollConnect(Native Method) ~[na:na]
	at java.base/sun.nio.ch.Net.pollConnectNow(Net.java:672) ~[na:na]
	at java.base/sun.nio.ch.NioSocketImpl.timedFinishConnect(NioSocketImpl.java:535) ~[na:na]
	at java.base/sun.nio.ch.NioSocketImpl.connect(NioSocketImpl.java:585) ~[na:na]
	at java.base/java.net.SocksSocketImpl.connect(SocksSocketImpl.java:327) ~[na:na]
	at java.base/java.net.Socket.connect(Socket.java:666) ~[na:na]
	at com.mongodb.internal.connection.SocketStreamHelper.initialize(SocketStreamHelper.java:64) ~[mongo-java-driver-3.12.14.jar:na]
	at com.mongodb.internal.connection.SocketStream.initializeSocket(SocketStream.java:79) ~[mongo-java-driver-3.12.14.jar:na]
	at com.mongodb.internal.connection.SocketStream.open(SocketStream.java:65) ~[mongo-java-driver-3.12.14.jar:na]
	... 3 common frames omitted

2023-12-18T19:41:40.925+03:00  INFO 9560 --- [    Test worker] net.bebooking.book.BookDAOTest           : Started BookDAOTest in 1.37 seconds (process running for 3.796)
2023-12-18T19:41:41.001+03:00  INFO 9560 --- [ooking.ru:27017] org.mongodb.driver.connection            : Opened connection [connectionId{localValue:2, serverValue:694}] to mongo.bebooking.ru:27017
2023-12-18T19:41:41.032+03:00  INFO 9560 --- [ooking.ru:27017] org.mongodb.driver.cluster               : Monitor thread successfully connected to server with description ServerDescription{address=mongo.bebooking.ru:27017, type=STANDALONE, state=CONNECTED, ok=true, version=ServerVersion{versionList=[7, 0, 4]}, minWireVersion=0, maxWireVersion=21, maxDocumentSize=16777216, logicalSessionTimeoutMinutes=30, roundTripTimeNanos=29812900}
2023-12-18T19:41:42.951+03:00  INFO 9560 --- [    Test worker] org.mongodb.driver.connection            : Opened connection [connectionId{localValue:3, serverValue:695}] to mongo.bebooking.ru:27017
]]></system-out>
  <system-err><![CDATA[]]></system-err>
</testsuite>
